#
# There is insufficient memory for the Java Runtime Environment to continue.
# Native memory allocation (malloc) failed to allocate 669456 bytes for Chunk::new
# Possible reasons:
#   The system is out of physical RAM or swap space
#   In 32 bit mode, the process size limit was hit
# Possible solutions:
#   Reduce memory load on the system
#   Increase physical memory or swap space
#   Check if swap backing store is full
#   Use 64 bit Java on a 64 bit OS
#   Decrease Java heap size (-Xmx/-Xms)
#   Decrease number of Java threads
#   Decrease Java thread stack sizes (-Xss)
#   Set larger code cache with -XX:ReservedCodeCacheSize=
# This output file may be truncated or incomplete.
#
#  Out of Memory Error (allocation.cpp:390), pid=10968, tid=0x0000000000002a38
#
# JRE version: Java(TM) SE Runtime Environment (8.0_191-b12) (build 1.8.0_191-b12)
# Java VM: Java HotSpot(TM) 64-Bit Server VM (25.191-b12 mixed mode windows-amd64 compressed oops)
# Failed to write core dump. Minidumps are not enabled by default on client versions of Windows
#

---------------  T H R E A D  ---------------

Current thread (0x0000000016a27800):  JavaThread "C2 CompilerThread0" daemon [_thread_in_native, id=10808, stack(0x0000000016bd0000,0x0000000016cd0000)]

Stack: [0x0000000016bd0000,0x0000000016cd0000]
[error occurred during error reporting (printing stack bounds), id 0xc0000005]

Native frames: (J=compiled Java code, j=interpreted, Vv=VM code, C=native code)


Current CompileTask:
C2:   4710 1617   !   4       java.net.URLClassLoader$1::run (63 bytes)


---------------  P R O C E S S  ---------------

Java Threads: ( => current thread )
  0x00000000150b4000 JavaThread "background-preinit" [_thread_in_native, id=544, stack(0x0000000018be0000,0x0000000018ce0000)]
  0x0000000017b4c800 JavaThread "restartedMain" [_thread_in_Java, id=5232, stack(0x0000000018ae0000,0x0000000018be0000)]
  0x0000000017c00000 JavaThread "Thread-0" [_thread_blocked, id=9468, stack(0x00000000189e0000,0x0000000018ae0000)]
  0x0000000016a9e800 JavaThread "Service Thread" daemon [_thread_blocked, id=2132, stack(0x0000000016ed0000,0x0000000016fd0000)]
  0x0000000016a87000 JavaThread "C1 CompilerThread2" daemon [_thread_in_native, id=11140, stack(0x0000000016dd0000,0x0000000016ed0000)]
  0x0000000016a86800 JavaThread "C2 CompilerThread1" daemon [_thread_in_native, id=11612, stack(0x0000000016cd0000,0x0000000016dd0000)]
=>0x0000000016a27800 JavaThread "C2 CompilerThread0" daemon [_thread_in_native, id=10808, stack(0x0000000016bd0000,0x0000000016cd0000)]
  0x0000000016a22800 JavaThread "Monitor Ctrl-Break" daemon [_thread_in_native, id=9000, stack(0x0000000016ad0000,0x0000000016bd0000)]
  0x0000000015099000 JavaThread "Attach Listener" daemon [_thread_blocked, id=2464, stack(0x00000000165d0000,0x00000000166d0000)]
  0x0000000015098000 JavaThread "Signal Dispatcher" daemon [_thread_blocked, id=8924, stack(0x00000000164d0000,0x00000000165d0000)]
  0x000000000297b800 JavaThread "Finalizer" daemon [_thread_blocked, id=3004, stack(0x00000000162e0000,0x00000000163e0000)]
  0x0000000002978000 JavaThread "Reference Handler" daemon [_thread_blocked, id=1740, stack(0x00000000161e0000,0x00000000162e0000)]
  0x0000000002882800 JavaThread "main" [_thread_blocked, id=10888, stack(0x0000000002780000,0x0000000002880000)]

Other Threads:
  0x0000000015057800 VMThread [stack: 0x00000000160e0000,0x00000000161e0000] [id=8944]
  0x0000000016ace000 WatcherThread [stack: 0x00000000177d0000,0x00000000178d0000] [id=10408]

VM state:not at safepoint (normal execution)

VM Mutex/Monitor currently owned by a thread: None

Heap:
 PSYoungGen      total 69632K, used 35796K [0x00000000eb180000, 0x00000000f2180000, 0x0000000100000000)
  eden space 64000K, 55% used [0x00000000eb180000,0x00000000ed475278,0x00000000ef000000)
  from space 5632K, 0% used [0x00000000ef000000,0x00000000ef000000,0x00000000ef580000)
  to   space 6144K, 0% used [0x00000000f1b80000,0x00000000f1b80000,0x00000000f2180000)
 ParOldGen       total 30208K, used 7025K [0x00000000c1400000, 0x00000000c3180000, 0x00000000eb180000)
  object space 30208K, 23% used [0x00000000c1400000,0x00000000c1adc618,0x00000000c3180000)
 Metaspace       used 23331K, capacity 23964K, committed 24240K, reserved 1071104K
  class space    used 2971K, capacity 3149K, committed 3248K, reserved 1048576K

Card table byte_map: [0x0000000011e40000,0x0000000012040000] byte_map_base: 0x0000000011836000

Marking Bits: (ParMarkBitMap*) 0x0000000074653e30
 Begin Bits: [0x0000000012590000, 0x0000000013540000)
 End Bits:   [0x0000000013540000, 0x00000000144f0000)

Polling page: 0x00000000005f0000

CodeCache: size=245760Kb used=6878Kb max_used=6878Kb free=238882Kb
 bounds [0x0000000002a80000, 0x0000000003140000, 0x0000000011a80000]
 total_blobs=2270 nmethods=1891 adapters=291
 compilation: enabled

Compilation events (10 events):
Event: 4.688 Thread 0x0000000016a87000 1896       3       java.util.logging.LogManager$LoggerContext::requiresDefaultLoggers (29 bytes)
Event: 4.689 Thread 0x0000000016a87000 nmethod 1896 0x0000000003133ed0 code [0x0000000003134040, 0x0000000003134468]
Event: 4.689 Thread 0x0000000016a87000 1897       3       java.util.logging.LogManager::access$100 (4 bytes)
Event: 4.689 Thread 0x0000000016a87000 nmethod 1897 0x0000000003134550 code [0x00000000031346a0, 0x00000000031347d0]
Event: 4.689 Thread 0x0000000016a87000 1899       1       java.util.WeakHashMap::indexFor (6 bytes)
Event: 4.690 Thread 0x0000000016a87000 nmethod 1899 0x0000000002fb2c10 code [0x0000000002fb2d60, 0x0000000002fb2e50]
Event: 4.691 Thread 0x0000000016a87000 1900       3       org.springframework.core.annotation.AnnotationAttributes::<init> (29 bytes)
Event: 4.693 Thread 0x0000000016a87000 nmethod 1900 0x0000000003134850 code [0x0000000003134a00, 0x0000000003134ff8]
Event: 4.694 Thread 0x0000000016a87000 1901       3       org.springframework.core.annotation.AnnotationUtils::registerDefaultValues (179 bytes)
Event: 4.697 Thread 0x0000000016a87000 nmethod 1901 0x0000000003135510 code [0x0000000003135840, 0x00000000031373d8]

GC Heap History (10 events):
Event: 2.553 GC heap before
{Heap before GC invocations=6 (full 0):
 PSYoungGen      total 18944K, used 18936K [0x00000000eb180000, 0x00000000ed980000, 0x0000000100000000)
  eden space 16384K, 100% used [0x00000000eb180000,0x00000000ec180000,0x00000000ec180000)
  from space 2560K, 99% used [0x00000000ec180000,0x00000000ec3fe2c8,0x00000000ec400000)
  to   space 4096K, 0% used [0x00000000ed580000,0x00000000ed580000,0x00000000ed980000)
 ParOldGen       total 44032K, used 1877K [0x00000000c1400000, 0x00000000c3f00000, 0x00000000eb180000)
  object space 44032K, 4% used [0x00000000c1400000,0x00000000c15d55f8,0x00000000c3f00000)
 Metaspace       used 12187K, capacity 12508K, committed 12672K, reserved 1060864K
  class space    used 1494K, capacity 1598K, committed 1664K, reserved 1048576K
Event: 2.559 GC heap after
Heap after GC invocations=6 (full 0):
 PSYoungGen      total 36352K, used 3825K [0x00000000eb180000, 0x00000000eda80000, 0x0000000100000000)
  eden space 32256K, 0% used [0x00000000eb180000,0x00000000eb180000,0x00000000ed100000)
  from space 4096K, 93% used [0x00000000ed580000,0x00000000ed93c4e8,0x00000000ed980000)
  to   space 4608K, 0% used [0x00000000ed100000,0x00000000ed100000,0x00000000ed580000)
 ParOldGen       total 44032K, used 1885K [0x00000000c1400000, 0x00000000c3f00000, 0x00000000eb180000)
  object space 44032K, 4% used [0x00000000c1400000,0x00000000c15d75f8,0x00000000c3f00000)
 Metaspace       used 12187K, capacity 12508K, committed 12672K, reserved 1060864K
  class space    used 1494K, capacity 1598K, committed 1664K, reserved 1048576K
}
Event: 2.866 GC heap before
{Heap before GC invocations=7 (full 0):
 PSYoungGen      total 36352K, used 36081K [0x00000000eb180000, 0x00000000eda80000, 0x0000000100000000)
  eden space 32256K, 100% used [0x00000000eb180000,0x00000000ed100000,0x00000000ed100000)
  from space 4096K, 93% used [0x00000000ed580000,0x00000000ed93c4e8,0x00000000ed980000)
  to   space 4608K, 0% used [0x00000000ed100000,0x00000000ed100000,0x00000000ed580000)
 ParOldGen       total 44032K, used 1885K [0x00000000c1400000, 0x00000000c3f00000, 0x00000000eb180000)
  object space 44032K, 4% used [0x00000000c1400000,0x00000000c15d75f8,0x00000000c3f00000)
 Metaspace       used 14355K, capacity 14760K, committed 15104K, reserved 1062912K
  class space    used 1872K, capacity 1998K, committed 2048K, reserved 1048576K
Event: 2.878 GC heap after
Heap after GC invocations=7 (full 0):
 PSYoungGen      total 36864K, used 3964K [0x00000000eb180000, 0x00000000efa80000, 0x0000000100000000)
  eden space 32256K, 0% used [0x00000000eb180000,0x00000000eb180000,0x00000000ed100000)
  from space 4608K, 86% used [0x00000000ed100000,0x00000000ed4df198,0x00000000ed580000)
  to   space 5120K, 0% used [0x00000000ef580000,0x00000000ef580000,0x00000000efa80000)
 ParOldGen       total 44032K, used 3680K [0x00000000c1400000, 0x00000000c3f00000, 0x00000000eb180000)
  object space 44032K, 8% used [0x00000000c1400000,0x00000000c1798118,0x00000000c3f00000)
 Metaspace       used 14355K, capacity 14760K, committed 15104K, reserved 1062912K
  class space    used 1872K, capacity 1998K, committed 2048K, reserved 1048576K
}
Event: 3.227 GC heap before
{Heap before GC invocations=8 (full 0):
 PSYoungGen      total 36864K, used 36220K [0x00000000eb180000, 0x00000000efa80000, 0x0000000100000000)
  eden space 32256K, 100% used [0x00000000eb180000,0x00000000ed100000,0x00000000ed100000)
  from space 4608K, 86% used [0x00000000ed100000,0x00000000ed4df198,0x00000000ed580000)
  to   space 5120K, 0% used [0x00000000ef580000,0x00000000ef580000,0x00000000efa80000)
 ParOldGen       total 44032K, used 3680K [0x00000000c1400000, 0x00000000c3f00000, 0x00000000eb180000)
  object space 44032K, 8% used [0x00000000c1400000,0x00000000c1798118,0x00000000c3f00000)
 Metaspace       used 17913K, capacity 18376K, committed 18688K, reserved 1064960K
  class space    used 2290K, capacity 2454K, committed 2560K, reserved 1048576K
Event: 3.240 GC heap after
Heap after GC invocations=8 (full 0):
 PSYoungGen      total 69120K, used 5088K [0x00000000eb180000, 0x00000000efb80000, 0x0000000100000000)
  eden space 64000K, 0% used [0x00000000eb180000,0x00000000eb180000,0x00000000ef000000)
  from space 5120K, 99% used [0x00000000ef580000,0x00000000efa78228,0x00000000efa80000)
  to   space 5632K, 0% used [0x00000000ef000000,0x00000000ef000000,0x00000000ef580000)
 ParOldGen       total 44032K, used 3827K [0x00000000c1400000, 0x00000000c3f00000, 0x00000000eb180000)
  object space 44032K, 8% used [0x00000000c1400000,0x00000000c17bccd0,0x00000000c3f00000)
 Metaspace       used 17913K, capacity 18376K, committed 18688K, reserved 1064960K
  class space    used 2290K, capacity 2454K, committed 2560K, reserved 1048576K
}
Event: 3.879 GC heap before
{Heap before GC invocations=9 (full 0):
 PSYoungGen      total 69120K, used 33801K [0x00000000eb180000, 0x00000000efb80000, 0x0000000100000000)
  eden space 64000K, 44% used [0x00000000eb180000,0x00000000ecd8a300,0x00000000ef000000)
  from space 5120K, 99% used [0x00000000ef580000,0x00000000efa78228,0x00000000efa80000)
  to   space 5632K, 0% used [0x00000000ef000000,0x00000000ef000000,0x00000000ef580000)
 ParOldGen       total 44032K, used 3827K [0x00000000c1400000, 0x00000000c3f00000, 0x00000000eb180000)
  object space 44032K, 8% used [0x00000000c1400000,0x00000000c17bccd0,0x00000000c3f00000)
 Metaspace       used 20606K, capacity 21112K, committed 21296K, reserved 1069056K
  class space    used 2644K, capacity 2812K, committed 2864K, reserved 1048576K
Event: 3.905 GC heap after
Heap after GC invocations=9 (full 0):
 PSYoungGen      total 69632K, used 4547K [0x00000000eb180000, 0x00000000f2180000, 0x0000000100000000)
  eden space 64000K, 0% used [0x00000000eb180000,0x00000000eb180000,0x00000000ef000000)
  from space 5632K, 80% used [0x00000000ef000000,0x00000000ef470f88,0x00000000ef580000)
  to   space 6144K, 0% used [0x00000000f1b80000,0x00000000f1b80000,0x00000000f2180000)
 ParOldGen       total 44032K, used 4733K [0x00000000c1400000, 0x00000000c3f00000, 0x00000000eb180000)
  object space 44032K, 10% used [0x00000000c1400000,0x00000000c189f688,0x00000000c3f00000)
 Metaspace       used 20606K, capacity 21112K, committed 21296K, reserved 1069056K
  class space    used 2644K, capacity 2812K, committed 2864K, reserved 1048576K
}
Event: 3.905 GC heap before
{Heap before GC invocations=10 (full 1):
 PSYoungGen      total 69632K, used 4547K [0x00000000eb180000, 0x00000000f2180000, 0x0000000100000000)
  eden space 64000K, 0% used [0x00000000eb180000,0x00000000eb180000,0x00000000ef000000)
  from space 5632K, 80% used [0x00000000ef000000,0x00000000ef470f88,0x00000000ef580000)
  to   space 6144K, 0% used [0x00000000f1b80000,0x00000000f1b80000,0x00000000f2180000)
 ParOldGen       total 44032K, used 4733K [0x00000000c1400000, 0x00000000c3f00000, 0x00000000eb180000)
  object space 44032K, 10% used [0x00000000c1400000,0x00000000c189f688,0x00000000c3f00000)
 Metaspace       used 20606K, capacity 21112K, committed 21296K, reserved 1069056K
  class space    used 2644K, capacity 2812K, committed 2864K, reserved 1048576K
Event: 3.981 GC heap after
Heap after GC invocations=10 (full 1):
 PSYoungGen      total 69632K, used 0K [0x00000000eb180000, 0x00000000f2180000, 0x0000000100000000)
  eden space 64000K, 0% used [0x00000000eb180000,0x00000000eb180000,0x00000000ef000000)
  from space 5632K, 0% used [0x00000000ef000000,0x00000000ef000000,0x00000000ef580000)
  to   space 6144K, 0% used [0x00000000f1b80000,0x00000000f1b80000,0x00000000f2180000)
 ParOldGen       total 30208K, used 7025K [0x00000000c1400000, 0x00000000c3180000, 0x00000000eb180000)
  object space 30208K, 23% used [0x00000000c1400000,0x00000000c1adc618,0x00000000c3180000)
 Metaspace       used 20604K, capacity 21106K, committed 21296K, reserved 1069056K
  class space    used 2643K, capacity 2811K, committed 2864K, reserved 1048576K
}

Deoptimization events (10 events):
Event: 1.927 Thread 0x0000000017b4c800 Uncommon trap: reason=class_check action=maybe_recompile pc=0x0000000002c235b0 method=sun.misc.URLClassPath.getLoader(I)Lsun/misc/URLClassPath$Loader; @ 94
Event: 2.000 Thread 0x0000000017b4c800 Uncommon trap: reason=unstable_if action=reinterpret pc=0x0000000002c09b34 method=java.lang.String.indexOf([CII[CIII)I @ 3
Event: 2.030 Thread 0x00000000150b4000 Uncommon trap: reason=range_check action=make_not_entrant pc=0x0000000002d24fa0 method=sun.reflect.generics.parser.SignatureParser.current()C @ 34
Event: 2.365 Thread 0x00000000150b4000 Uncommon trap: reason=unstable_if action=reinterpret pc=0x0000000002c324c4 method=sun.misc.MetaIndex.mayContain(Ljava/lang/String;)Z @ 38
Event: 2.655 Thread 0x0000000017b4c800 Uncommon trap: reason=unstable_if action=reinterpret pc=0x0000000002e148e8 method=java.net.URL.<init>(Ljava/net/URL;Ljava/lang/String;Ljava/net/URLStreamHandler;)V @ 347
Event: 2.842 Thread 0x0000000017b4c800 Uncommon trap: reason=unstable_if action=reinterpret pc=0x0000000002d0f308 method=java.util.HashMap.getNode(ILjava/lang/Object;)Ljava/util/HashMap$Node; @ 129
Event: 2.842 Thread 0x0000000017b4c800 Uncommon trap: reason=unstable_if action=reinterpret pc=0x0000000002dc6da8 method=java.util.HashMap.putVal(ILjava/lang/Object;Ljava/lang/Object;ZZ)Ljava/lang/Object; @ 193
Event: 2.842 Thread 0x0000000017b4c800 Uncommon trap: reason=unstable_if action=reinterpret pc=0x0000000002cfa63c method=java.util.HashMap.getNode(ILjava/lang/Object;)Ljava/util/HashMap$Node; @ 129
Event: 2.886 Thread 0x00000000150b4000 Uncommon trap: reason=unstable_if action=reinterpret pc=0x0000000002dc0b58 method=java.util.HashMap.putVal(ILjava/lang/Object;Ljava/lang/Object;ZZ)Ljava/lang/Object; @ 193
Event: 3.396 Thread 0x0000000017b4c800 Uncommon trap: reason=unstable_if action=reinterpret pc=0x0000000002cf2738 method=java.io.WinNTFileSystem.normalize(Ljava/lang/String;)Ljava/lang/String; @ 128

Classes redefined (0 events):
No events

Internal exceptions (10 events):
Event: 3.226 Thread 0x0000000017b4c800 Exception <a 'java/lang/ClassNotFoundException': org/springframework/core/OrderedCustomizer> (0x00000000ed0e7bd0) thrown at [C:\re\workspace\8-2-build-windows-amd64-cygwin\jdk8u191\11896\hotspot\src\share\vm\classfile\systemDictionary.cpp, line 210]
Event: 3.266 Thread 0x0000000017b4c800 Exception <a 'java/lang/ClassNotFoundException': org/springframework/context/ResourceLoaderAwareCustomizer> (0x00000000eb2d9208) thrown at [C:\re\workspace\8-2-build-windows-amd64-cygwin\jdk8u191\11896\hotspot\src\share\vm\classfile\systemDictionary.cpp, 
Event: 3.267 Thread 0x0000000017b4c800 Exception <a 'java/lang/ClassNotFoundException': org/springframework/beans/factory/AwareCustomizer> (0x00000000eb2f0100) thrown at [C:\re\workspace\8-2-build-windows-amd64-cygwin\jdk8u191\11896\hotspot\src\share\vm\classfile\systemDictionary.cpp, line 210
Event: 3.267 Thread 0x0000000017b4c800 Exception <a 'java/lang/ClassNotFoundException': org/springframework/beans/factory/BeanClassLoaderAwareCustomizer> (0x00000000eb30a208) thrown at [C:\re\workspace\8-2-build-windows-amd64-cygwin\jdk8u191\11896\hotspot\src\share\vm\classfile\systemDictionar
Event: 3.268 Thread 0x0000000017b4c800 Exception <a 'java/lang/ClassNotFoundException': org/springframework/beans/factory/AwareCustomizer> (0x00000000eb321118) thrown at [C:\re\workspace\8-2-build-windows-amd64-cygwin\jdk8u191\11896\hotspot\src\share\vm\classfile\systemDictionary.cpp, line 210
Event: 3.269 Thread 0x0000000017b4c800 Exception <a 'java/lang/ClassNotFoundException': org/springframework/context/EnvironmentAwareCustomizer> (0x00000000eb338478) thrown at [C:\re\workspace\8-2-build-windows-amd64-cygwin\jdk8u191\11896\hotspot\src\share\vm\classfile\systemDictionary.cpp, lin
Event: 3.271 Thread 0x0000000017b4c800 Exception <a 'java/lang/ClassNotFoundException': org/springframework/beans/factory/AwareCustomizer> (0x00000000eb34f268) thrown at [C:\re\workspace\8-2-build-windows-amd64-cygwin\jdk8u191\11896\hotspot\src\share\vm\classfile\systemDictionary.cpp, line 210
Event: 3.400 Thread 0x0000000017b4c800 Exception <a 'java/lang/NoSuchMethodError': java.lang.Object.lambda$comparing$77a9974f$1(Ljava/util/function/Function;Ljava/lang/Object;Ljava/lang/Object;)I> (0x00000000eb736c20) thrown at [C:\re\workspace\8-2-build-windows-amd64-cygwin\jdk8u191\11896\hot
Event: 3.876 Thread 0x00000000150b4000 Exception <a 'java/lang/IncompatibleClassChangeError': Found class java.lang.Object, but interface was expected> (0x00000000ecd3bba8) thrown at [C:\re\workspace\8-2-build-windows-amd64-cygwin\jdk8u191\11896\hotspot\src\share\vm\interpreter\linkResolver.cp
Event: 4.159 Thread 0x0000000017b4c800 Exception <a 'java/lang/IncompatibleClassChangeError': Found class java.lang.Object, but interface was expected> (0x00000000ebe96ee8) thrown at [C:\re\workspace\8-2-build-windows-amd64-cygwin\jdk8u191\11896\hotspot\src\share\vm\interpreter\linkResolver.cp

Events (10 events):
Event: 4.704 loading class bitronix/tm/jndi/BitronixContext done
Event: 4.704 loading class java/lang/management/ManagementFactory$2
Event: 4.704 loading class java/lang/management/ManagementFactory$2 done
Event: 4.704 loading class javax/management/StandardMBean
Event: 4.705 loading class com/atomikos/icatch/jta/UserTransactionManager
Event: 4.705 loading class com/atomikos/icatch/jta/UserTransactionManager done
Event: 4.705 loading class javax/management/StandardMBean done
Event: 4.706 loading class javax/management/JMX
Event: 4.706 loading class javax/management/JMX done
Event: 4.706 loading class com/sun/jmx/mbeanserver/DescriptorCache


Dynamic libraries:
0x00007ff7fe050000 - 0x00007ff7fe087000 	C:\Program Files\Java\jdk1.8.0_191\bin\java.exe
0x00007ffc54440000 - 0x00007ffc54621000 	C:\Windows\SYSTEM32\ntdll.dll
0x00007ffc542f0000 - 0x00007ffc543a2000 	C:\Windows\System32\KERNEL32.DLL
0x00007ffc509c0000 - 0x00007ffc50c33000 	C:\Windows\System32\KERNELBASE.dll
0x00007ffc51fe0000 - 0x00007ffc52081000 	C:\Windows\System32\ADVAPI32.dll
0x00007ffc51a40000 - 0x00007ffc51ade000 	C:\Windows\System32\msvcrt.dll
0x00007ffc53730000 - 0x00007ffc5378b000 	C:\Windows\System32\sechost.dll
0x00007ffc53950000 - 0x00007ffc53a74000 	C:\Windows\System32\RPCRT4.dll
0x00007ffc534d0000 - 0x00007ffc53660000 	C:\Windows\System32\USER32.dll
0x00007ffc50f50000 - 0x00007ffc50f70000 	C:\Windows\System32\win32u.dll
0x00007ffc541b0000 - 0x00007ffc541d8000 	C:\Windows\System32\GDI32.dll
0x00007ffc51020000 - 0x00007ffc511b2000 	C:\Windows\System32\gdi32full.dll
0x00007ffc50cc0000 - 0x00007ffc50d5f000 	C:\Windows\System32\msvcp_win.dll
0x00007ffc50810000 - 0x00007ffc5090a000 	C:\Windows\System32\ucrtbase.dll
0x00007ffc36ac0000 - 0x00007ffc36d29000 	C:\Windows\WinSxS\amd64_microsoft.windows.common-controls_6595b64144ccf1df_6.0.17134.407_none_fb449d63306391e9\COMCTL32.dll
0x00007ffc53c90000 - 0x00007ffc53fb2000 	C:\Windows\System32\combase.dll
0x00007ffc50c40000 - 0x00007ffc50cba000 	C:\Windows\System32\bcryptPrimitives.dll
0x00007ffc541e0000 - 0x00007ffc5420d000 	C:\Windows\System32\IMM32.DLL
0x0000000075380000 - 0x0000000075452000 	C:\Program Files\Java\jdk1.8.0_191\jre\bin\msvcr100.dll
0x0000000073e30000 - 0x00000000746d4000 	C:\Program Files\Java\jdk1.8.0_191\jre\bin\server\jvm.dll
0x00007ffc53af0000 - 0x00007ffc53af8000 	C:\Windows\System32\PSAPI.DLL
0x00007ffc4c400000 - 0x00007ffc4c409000 	C:\Windows\SYSTEM32\WSOCK32.dll
0x00007ffc4d5d0000 - 0x00007ffc4d5f3000 	C:\Windows\SYSTEM32\WINMM.dll
0x00007ffc53a80000 - 0x00007ffc53aec000 	C:\Windows\System32\WS2_32.dll
0x00007ffc4c2b0000 - 0x00007ffc4c2ba000 	C:\Windows\SYSTEM32\VERSION.dll
0x00007ffc4d5a0000 - 0x00007ffc4d5ca000 	C:\Windows\SYSTEM32\winmmbase.dll
0x00007ffc50fd0000 - 0x00007ffc51019000 	C:\Windows\System32\cfgmgr32.dll
0x0000000075370000 - 0x000000007537f000 	C:\Program Files\Java\jdk1.8.0_191\jre\bin\verify.dll
0x0000000075340000 - 0x0000000075369000 	C:\Program Files\Java\jdk1.8.0_191\jre\bin\java.dll
0x00000000751c0000 - 0x00000000751e3000 	C:\Program Files\Java\jdk1.8.0_191\jre\bin\instrument.dll
0x0000000075320000 - 0x0000000075336000 	C:\Program Files\Java\jdk1.8.0_191\jre\bin\zip.dll
0x00007ffc52090000 - 0x00007ffc534cf000 	C:\Windows\System32\SHELL32.dll
0x00007ffc51f30000 - 0x00007ffc51fd9000 	C:\Windows\System32\shcore.dll
0x00007ffc511c0000 - 0x00007ffc518cd000 	C:\Windows\System32\windows.storage.dll
0x00007ffc543b0000 - 0x00007ffc54401000 	C:\Windows\System32\shlwapi.dll
0x00007ffc507f0000 - 0x00007ffc50801000 	C:\Windows\System32\kernel.appcore.dll
0x00007ffc50780000 - 0x00007ffc5079f000 	C:\Windows\System32\profapi.dll
0x00007ffc507a0000 - 0x00007ffc507ec000 	C:\Windows\System32\powrprof.dll
0x00007ffc50770000 - 0x00007ffc5077a000 	C:\Windows\System32\FLTLIB.DLL
0x00007ffc4c310000 - 0x00007ffc4c32a000 	C:\Program Files\JetBrains\IntelliJ IDEA Community Edition 2018.2.4\bin\breakgen64.dll
0x0000000075220000 - 0x000000007523a000 	C:\Program Files\Java\jdk1.8.0_191\jre\bin\net.dll
0x00007ffc4ff70000 - 0x00007ffc4ffd6000 	C:\Windows\system32\mswsock.dll
0x00000000751f0000 - 0x00000000751fd000 	C:\Program Files\Java\jdk1.8.0_191\jre\bin\management.dll
0x00007ffc45330000 - 0x00007ffc45346000 	C:\Windows\system32\napinsp.dll
0x00007ffc44bd0000 - 0x00007ffc44bea000 	C:\Windows\system32\pnrpnsp.dll
0x00007ffc4bb40000 - 0x00007ffc4bb59000 	C:\Windows\system32\NLAapi.dll
0x00007ffc4fd30000 - 0x00007ffc4fdee000 	C:\Windows\SYSTEM32\DNSAPI.dll
0x00007ffc53fc0000 - 0x00007ffc53fc8000 	C:\Windows\System32\NSI.dll
0x00007ffc4fcf0000 - 0x00007ffc4fd28000 	C:\Windows\SYSTEM32\IPHLPAPI.DLL
0x00007ffc4c930000 - 0x00007ffc4c93e000 	C:\Windows\System32\winrnr.dll
0x00007ffc33a10000 - 0x00007ffc33a25000 	C:\Windows\System32\wshbth.dll
0x00007ffc47c00000 - 0x00007ffc47c0a000 	C:\Windows\System32\rasadhlp.dll
0x00007ffc47f10000 - 0x00007ffc47f82000 	C:\Windows\System32\fwpuclnt.dll
0x00007ffc50250000 - 0x00007ffc50275000 	C:\Windows\SYSTEM32\bcrypt.dll
0x0000000075200000 - 0x0000000075211000 	C:\Program Files\Java\jdk1.8.0_191\jre\bin\nio.dll

VM Arguments:
jvm_args: -javaagent:C:\Program Files\JetBrains\IntelliJ IDEA Community Edition 2018.2.4\lib\idea_rt.jar=63145:C:\Program Files\JetBrains\IntelliJ IDEA Community Edition 2018.2.4\bin -Dfile.encoding=UTF-8 
java_command: mk.finki.ukim.wp.studentsapi.StudentsApiApplication
java_class_path (initial): C:\Program Files\Java\jdk1.8.0_191\jre\lib\charsets.jar;C:\Program Files\Java\jdk1.8.0_191\jre\lib\deploy.jar;C:\Program Files\Java\jdk1.8.0_191\jre\lib\ext\access-bridge-64.jar;C:\Program Files\Java\jdk1.8.0_191\jre\lib\ext\cldrdata.jar;C:\Program Files\Java\jdk1.8.0_191\jre\lib\ext\dnsns.jar;C:\Program Files\Java\jdk1.8.0_191\jre\lib\ext\jaccess.jar;C:\Program Files\Java\jdk1.8.0_191\jre\lib\ext\jfxrt.jar;C:\Program Files\Java\jdk1.8.0_191\jre\lib\ext\localedata.jar;C:\Program Files\Java\jdk1.8.0_191\jre\lib\ext\nashorn.jar;C:\Program Files\Java\jdk1.8.0_191\jre\lib\ext\sunec.jar;C:\Program Files\Java\jdk1.8.0_191\jre\lib\ext\sunjce_provider.jar;C:\Program Files\Java\jdk1.8.0_191\jre\lib\ext\sunmscapi.jar;C:\Program Files\Java\jdk1.8.0_191\jre\lib\ext\sunpkcs11.jar;C:\Program Files\Java\jdk1.8.0_191\jre\lib\ext\zipfs.jar;C:\Program Files\Java\jdk1.8.0_191\jre\lib\javaws.jar;C:\Program Files\Java\jdk1.8.0_191\jre\lib\jce.jar;C:\Program Files\Java\jdk1.8.0_191\jre\lib\jfr.jar;C:\Program Files\Java\jdk1.8.0_191\jre\lib\jfxswt.jar;C:\Program Files\Java\jdk1.8.0_191\jre\lib\jsse.jar;C:\Program Files\Java\jdk1.8.0_191\jre\lib\management-agent.jar;C:\Program Files\Java\jdk1.8.0_191\jre\lib\plugin.jar;C:\Program Files\Java\jdk1.8.0_191\jre\lib\resources.jar;C:\Program Files\Java\jdk1.8.0_191\jre\lib\rt.jar;D:\Projects\wp-project\students-api\out\production\classes;D:\Projects\wp-project\students-api\out\production\resources;C:\Users\Nikola\.gradle\caches\modules-2\files-2.1\org.springframework.boot\spring-boot-starter-data-jpa\2.1.1.RELEASE\4ebdf1cad10e8596f778850a0fc9e8c6b9fd6dc5\spring-boot-starter-data-jpa-2.1.1.RELEASE.jar;C:\Users\Nikola\.gradle\caches\modules-2\files-2.1\org.springframework.boot\spring-boot-starter-security\2.1.1.RELEASE\10e91dae1cbc9a0643491d9e65ba0b24b4695b21\spring-boot-starter-security-2.1.1.RELEASE.jar;C:\Users\Nikola\.gradle\caches\modules-2\files-2.1\org.springframework.boot\spring-boot-starter-web\2.1.1.RELEASE\f
Launcher Type: SUN_STANDARD

Environment Variables:
PATH=C:\Program Files (x86)\Common Files\Oracle\Java\javapath;C:\Windows\system32;C:\Windows;C:\Windows\System32\Wbem;C:\Windows\System32\WindowsPowerShell\v1.0\;C:\Windows\System32\OpenSSH\;C:\Program Files (x86)\NVIDIA Corporation\PhysX\Common;C:\Program Files\dotnet\;C:\Program Files\Microsoft SQL Server\130\Tools\Binn\;E:\Git\cmd;E:\Node.js\;C:\Program Files (x86)\Microsoft SQL Server\150\DTS\Binn\;C:\Program Files\NVIDIA Corporation\NVIDIA NvDLISR;C:\Users\Nikola\AppData\Local\Microsoft\WindowsApps;C:\Users\Nikola\AppData\Roaming\npm;C:\Users\Nikola\AppData\Local\Programs\Microsoft VS Code\bin;C:\Users\Nikola\.dotnet\tools
USERNAME=Nikola
OS=Windows_NT
PROCESSOR_IDENTIFIER=Intel64 Family 6 Model 61 Stepping 4, GenuineIntel



---------------  S Y S T E M  ---------------

OS: Windows 10.0 , 64 bit Build 17134 (10.0.17134.1)

CPU:total 4 (initial active 4) (2 cores per cpu, 2 threads per core) family 6 model 61 stepping 4, cmov, cx8, fxsr, mmx, sse, sse2, sse3, ssse3, sse4.1, sse4.2, popcnt, avx, avx2, aes, clmul, erms, 3dnowpref, lzcnt, ht, tsc, tscinvbit, bmi1, bmi2, adx

Memory: 4k page, physical 4111916k(175672k free), swap 6159916k(4756k free)

vm_info: Java HotSpot(TM) 64-Bit Server VM (25.191-b12) for windows-amd64 JRE (1.8.0_191-b12), built on Oct  6 2018 09:29:03 by "java_re" with MS VC++ 10.0 (VS2010)

time: Sun Dec 02 21:41:57 2018
elapsed time: 4 seconds (0d 0h 0m 4s)

