#
# There is insufficient memory for the Java Runtime Environment to continue.
# Native memory allocation (malloc) failed to allocate 191536 bytes for Chunk::new
# Possible reasons:
#   The system is out of physical RAM or swap space
#   In 32 bit mode, the process size limit was hit
# Possible solutions:
#   Reduce memory load on the system
#   Increase physical memory or swap space
#   Check if swap backing store is full
#   Use 64 bit Java on a 64 bit OS
#   Decrease Java heap size (-Xmx/-Xms)
#   Decrease number of Java threads
#   Decrease Java thread stack sizes (-Xss)
#   Set larger code cache with -XX:ReservedCodeCacheSize=
# This output file may be truncated or incomplete.
#
#  Out of Memory Error (allocation.cpp:390), pid=2392, tid=0x00000000000013f8
#
# JRE version: Java(TM) SE Runtime Environment (8.0_191-b12) (build 1.8.0_191-b12)
# Java VM: Java HotSpot(TM) 64-Bit Server VM (25.191-b12 mixed mode windows-amd64 compressed oops)
# Failed to write core dump. Minidumps are not enabled by default on client versions of Windows
#

---------------  T H R E A D  ---------------

Current thread (0x0000000017205000):  JavaThread "C2 CompilerThread0" daemon [_thread_in_native, id=5112, stack(0x00000000173b0000,0x00000000174b0000)]

Stack: [0x00000000173b0000,0x00000000174b0000]
[error occurred during error reporting (printing stack bounds), id 0xc0000005]

Native frames: (J=compiled Java code, j=interpreted, Vv=VM code, C=native code)


Current CompileTask:
C2:   2744 1241       4       java.io.DataOutputStream::writeUTF (435 bytes)


---------------  P R O C E S S  ---------------

Java Threads: ( => current thread )
  0x0000000016ed4800 JavaThread "background-preinit" [_thread_in_native, id=5724, stack(0x00000000193c0000,0x00000000194c0000)]
  0x0000000017c80800 JavaThread "restartedMain" [_thread_in_vm, id=9292, stack(0x00000000192c0000,0x00000000193c0000)]
  0x0000000017cac800 JavaThread "Thread-0" [_thread_blocked, id=6204, stack(0x00000000191c0000,0x00000000192c0000)]
  0x00000000176d0800 JavaThread "Service Thread" daemon [_thread_blocked, id=2376, stack(0x0000000017eb0000,0x0000000017fb0000)]
  0x000000001720b800 JavaThread "C1 CompilerThread2" daemon [_thread_blocked, id=6300, stack(0x00000000175b0000,0x00000000176b0000)]
  0x0000000017206000 JavaThread "C2 CompilerThread1" daemon [_thread_in_native, id=11260, stack(0x00000000174b0000,0x00000000175b0000)]
=>0x0000000017205000 JavaThread "C2 CompilerThread0" daemon [_thread_in_native, id=5112, stack(0x00000000173b0000,0x00000000174b0000)]
  0x00000000171ab000 JavaThread "Monitor Ctrl-Break" daemon [_thread_in_native, id=10932, stack(0x00000000172b0000,0x00000000173b0000)]
  0x000000001586c000 JavaThread "Attach Listener" daemon [_thread_blocked, id=10404, stack(0x0000000016db0000,0x0000000016eb0000)]
  0x000000001586b000 JavaThread "Signal Dispatcher" daemon [_thread_blocked, id=484, stack(0x0000000016cb0000,0x0000000016db0000)]
  0x00000000030ab800 JavaThread "Finalizer" daemon [_thread_blocked, id=11120, stack(0x0000000016ac0000,0x0000000016bc0000)]
  0x00000000030a8000 JavaThread "Reference Handler" daemon [_thread_blocked, id=11068, stack(0x00000000169c0000,0x0000000016ac0000)]
  0x0000000002fb2800 JavaThread "main" [_thread_blocked, id=9940, stack(0x0000000002eb0000,0x0000000002fb0000)]

Other Threads:
  0x0000000015827800 VMThread [stack: 0x00000000168c0000,0x00000000169c0000] [id=7836]
  0x0000000017799000 WatcherThread [stack: 0x0000000017fb0000,0x00000000180b0000] [id=9984]

VM state:not at safepoint (normal execution)

VM Mutex/Monitor currently owned by a thread: None

Heap:
 PSYoungGen      total 31232K, used 18415K [0x00000000eb180000, 0x00000000ed400000, 0x0000000100000000)
  eden space 27136K, 55% used [0x00000000eb180000,0x00000000ec03b570,0x00000000ecc00000)
  from space 4096K, 81% used [0x00000000ecc00000,0x00000000ecf40770,0x00000000ed000000)
  to   space 3584K, 0% used [0x00000000ed080000,0x00000000ed080000,0x00000000ed400000)
 ParOldGen       total 22016K, used 2152K [0x00000000c1400000, 0x00000000c2980000, 0x00000000eb180000)
  object space 22016K, 9% used [0x00000000c1400000,0x00000000c161a0b8,0x00000000c2980000)
 Metaspace       used 15179K, capacity 15630K, committed 15744K, reserved 1062912K
  class space    used 1991K, capacity 2137K, committed 2176K, reserved 1048576K

Card table byte_map: [0x0000000012610000,0x0000000012810000] byte_map_base: 0x0000000012006000

Marking Bits: (ParMarkBitMap*) 0x0000000074653e30
 Begin Bits: [0x0000000012d60000, 0x0000000013d10000)
 End Bits:   [0x0000000013d10000, 0x0000000014cc0000)

Polling page: 0x00000000010f0000

CodeCache: size=245760Kb used=4193Kb max_used=4193Kb free=241566Kb
 bounds [0x0000000003250000, 0x0000000003670000, 0x0000000012250000]
 total_blobs=1602 nmethods=1265 adapters=249
 compilation: enabled

Compilation events (10 events):
Event: 2.724 Thread 0x000000001720b800 1261       3       java.lang.AbstractStringBuilder::append (62 bytes)
Event: 2.725 Thread 0x000000001720b800 nmethod 1261 0x0000000003666850 code [0x0000000003666a40, 0x0000000003667378]
Event: 2.725 Thread 0x000000001720b800 1264       3       sun.misc.ProxyGenerator::getParameterDescriptors (47 bytes)
Event: 2.727 Thread 0x000000001720b800 nmethod 1264 0x0000000003667890 code [0x0000000003667ae0, 0x00000000036688b8]
Event: 2.734 Thread 0x000000001720b800 1266       3       sun.reflect.ConstantPool::getUTF8At (10 bytes)
Event: 2.734 Thread 0x000000001720b800 nmethod 1266 0x0000000003664090 code [0x0000000003664200, 0x0000000003664388]
Event: 2.735 Thread 0x000000001720b800 1268       3       java.lang.reflect.Method::equals (69 bytes)
Event: 2.736 Thread 0x000000001720b800 nmethod 1268 0x00000000036690d0 code [0x0000000003669260, 0x0000000003669bc8]
Event: 2.736 Thread 0x000000001720b800 1269       3       java.io.ByteArrayOutputStream::<init> (7 bytes)
Event: 2.736 Thread 0x000000001720b800 nmethod 1269 0x0000000003663950 code [0x0000000003663ac0, 0x0000000003663c48]

GC Heap History (10 events):
Event: 1.718 GC heap before
{Heap before GC invocations=6 (full 1):
 PSYoungGen      total 18944K, used 2248K [0x00000000eb180000, 0x00000000ec680000, 0x0000000100000000)
  eden space 16384K, 0% used [0x00000000eb180000,0x00000000eb180000,0x00000000ec180000)
  from space 2560K, 87% used [0x00000000ec180000,0x00000000ec3b22b8,0x00000000ec400000)
  to   space 2560K, 0% used [0x00000000ec400000,0x00000000ec400000,0x00000000ec680000)
 ParOldGen       total 44032K, used 946K [0x00000000c1400000, 0x00000000c3f00000, 0x00000000eb180000)
  object space 44032K, 2% used [0x00000000c1400000,0x00000000c14ec8c0,0x00000000c3f00000)
 Metaspace       used 8606K, capacity 8748K, committed 8832K, reserved 1069056K
  class space    used 1026K, capacity 1105K, committed 1152K, reserved 1048576K
Event: 1.742 GC heap after
Heap after GC invocations=6 (full 1):
 PSYoungGen      total 18944K, used 0K [0x00000000eb180000, 0x00000000ec680000, 0x0000000100000000)
  eden space 16384K, 0% used [0x00000000eb180000,0x00000000eb180000,0x00000000ec180000)
  from space 2560K, 0% used [0x00000000ec180000,0x00000000ec180000,0x00000000ec400000)
  to   space 2560K, 0% used [0x00000000ec400000,0x00000000ec400000,0x00000000ec680000)
 ParOldGen       total 22016K, used 2136K [0x00000000c1400000, 0x00000000c2980000, 0x00000000eb180000)
  object space 22016K, 9% used [0x00000000c1400000,0x00000000c16160b8,0x00000000c2980000)
 Metaspace       used 8606K, capacity 8748K, committed 8832K, reserved 1058816K
  class space    used 1026K, capacity 1105K, committed 1152K, reserved 1048576K
}
Event: 1.742 GC heap before
{Heap before GC invocations=7 (full 1):
 PSYoungGen      total 18944K, used 163K [0x00000000eb180000, 0x00000000ec680000, 0x0000000100000000)
  eden space 16384K, 0% used [0x00000000eb180000,0x00000000eb1a8f58,0x00000000ec180000)
  from space 2560K, 0% used [0x00000000ec180000,0x00000000ec180000,0x00000000ec400000)
  to   space 2560K, 0% used [0x00000000ec400000,0x00000000ec400000,0x00000000ec680000)
 ParOldGen       total 22016K, used 2136K [0x00000000c1400000, 0x00000000c2980000, 0x00000000eb180000)
  object space 22016K, 9% used [0x00000000c1400000,0x00000000c16160b8,0x00000000c2980000)
 Metaspace       used 8606K, capacity 8748K, committed 8832K, reserved 1058816K
  class space    used 1026K, capacity 1105K, committed 1152K, reserved 1048576K
Event: 1.743 GC heap after
Heap after GC invocations=7 (full 1):
 PSYoungGen      total 17408K, used 64K [0x00000000eb180000, 0x00000000ed780000, 0x0000000100000000)
  eden space 14848K, 0% used [0x00000000eb180000,0x00000000eb180000,0x00000000ec000000)
  from space 2560K, 2% used [0x00000000ec400000,0x00000000ec410000,0x00000000ec680000)
  to   space 4096K, 0% used [0x00000000ec000000,0x00000000ec000000,0x00000000ec400000)
 ParOldGen       total 22016K, used 2136K [0x00000000c1400000, 0x00000000c2980000, 0x00000000eb180000)
  object space 22016K, 9% used [0x00000000c1400000,0x00000000c16160b8,0x00000000c2980000)
 Metaspace       used 8606K, capacity 8748K, committed 8832K, reserved 1058816K
  class space    used 1026K, capacity 1105K, committed 1152K, reserved 1048576K
}
Event: 1.981 GC heap before
{Heap before GC invocations=8 (full 1):
 PSYoungGen      total 17408K, used 14912K [0x00000000eb180000, 0x00000000ed780000, 0x0000000100000000)
  eden space 14848K, 100% used [0x00000000eb180000,0x00000000ec000000,0x00000000ec000000)
  from space 2560K, 2% used [0x00000000ec400000,0x00000000ec410000,0x00000000ec680000)
  to   space 4096K, 0% used [0x00000000ec000000,0x00000000ec000000,0x00000000ec400000)
 ParOldGen       total 22016K, used 2136K [0x00000000c1400000, 0x00000000c2980000, 0x00000000eb180000)
  object space 22016K, 9% used [0x00000000c1400000,0x00000000c16160b8,0x00000000c2980000)
 Metaspace       used 10813K, capacity 11034K, committed 11136K, reserved 1058816K
  class space    used 1275K, capacity 1372K, committed 1408K, reserved 1048576K
Event: 1.994 GC heap after
Heap after GC invocations=8 (full 1):
 PSYoungGen      total 18944K, used 1549K [0x00000000eb180000, 0x00000000ed480000, 0x0000000100000000)
  eden space 14848K, 0% used [0x00000000eb180000,0x00000000eb180000,0x00000000ec000000)
  from space 4096K, 37% used [0x00000000ec000000,0x00000000ec1836e0,0x00000000ec400000)
  to   space 4096K, 0% used [0x00000000ed080000,0x00000000ed080000,0x00000000ed480000)
 ParOldGen       total 22016K, used 2136K [0x00000000c1400000, 0x00000000c2980000, 0x00000000eb180000)
  object space 22016K, 9% used [0x00000000c1400000,0x00000000c16160b8,0x00000000c2980000)
 Metaspace       used 10813K, capacity 11034K, committed 11136K, reserved 1058816K
  class space    used 1275K, capacity 1372K, committed 1408K, reserved 1048576K
}
Event: 2.232 GC heap before
{Heap before GC invocations=9 (full 1):
 PSYoungGen      total 18944K, used 16397K [0x00000000eb180000, 0x00000000ed480000, 0x0000000100000000)
  eden space 14848K, 100% used [0x00000000eb180000,0x00000000ec000000,0x00000000ec000000)
  from space 4096K, 37% used [0x00000000ec000000,0x00000000ec1836e0,0x00000000ec400000)
  to   space 4096K, 0% used [0x00000000ed080000,0x00000000ed080000,0x00000000ed480000)
 ParOldGen       total 22016K, used 2136K [0x00000000c1400000, 0x00000000c2980000, 0x00000000eb180000)
  object space 22016K, 9% used [0x00000000c1400000,0x00000000c16160b8,0x00000000c2980000)
 Metaspace       used 12139K, capacity 12450K, committed 12672K, reserved 1060864K
  class space    used 1490K, capacity 1599K, committed 1664K, reserved 1048576K
Event: 2.236 GC heap after
Heap after GC invocations=9 (full 1):
 PSYoungGen      total 30720K, used 1835K [0x00000000eb180000, 0x00000000ed400000, 0x0000000100000000)
  eden space 27136K, 0% used [0x00000000eb180000,0x00000000eb180000,0x00000000ecc00000)
  from space 3584K, 51% used [0x00000000ed080000,0x00000000ed24af98,0x00000000ed400000)
  to   space 4096K, 0% used [0x00000000ecc00000,0x00000000ecc00000,0x00000000ed000000)
 ParOldGen       total 22016K, used 2144K [0x00000000c1400000, 0x00000000c2980000, 0x00000000eb180000)
  object space 22016K, 9% used [0x00000000c1400000,0x00000000c16180b8,0x00000000c2980000)
 Metaspace       used 12139K, capacity 12450K, committed 12672K, reserved 1060864K
  class space    used 1490K, capacity 1599K, committed 1664K, reserved 1048576K
}
Event: 2.509 GC heap before
{Heap before GC invocations=10 (full 1):
 PSYoungGen      total 30720K, used 28971K [0x00000000eb180000, 0x00000000ed400000, 0x0000000100000000)
  eden space 27136K, 100% used [0x00000000eb180000,0x00000000ecc00000,0x00000000ecc00000)
  from space 3584K, 51% used [0x00000000ed080000,0x00000000ed24af98,0x00000000ed400000)
  to   space 4096K, 0% used [0x00000000ecc00000,0x00000000ecc00000,0x00000000ed000000)
 ParOldGen       total 22016K, used 2144K [0x00000000c1400000, 0x00000000c2980000, 0x00000000eb180000)
  object space 22016K, 9% used [0x00000000c1400000,0x00000000c16180b8,0x00000000c2980000)
 Metaspace       used 13989K, capacity 14344K, committed 14592K, reserved 1062912K
  class space    used 1827K, capacity 1926K, committed 2048K, reserved 1048576K
Event: 2.516 GC heap after
Heap after GC invocations=10 (full 1):
 PSYoungGen      total 31232K, used 3329K [0x00000000eb180000, 0x00000000ed400000, 0x0000000100000000)
  eden space 27136K, 0% used [0x00000000eb180000,0x00000000eb180000,0x00000000ecc00000)
  from space 4096K, 81% used [0x00000000ecc00000,0x00000000ecf40770,0x00000000ed000000)
  to   space 3584K, 0% used [0x00000000ed080000,0x00000000ed080000,0x00000000ed400000)
 ParOldGen       total 22016K, used 2152K [0x00000000c1400000, 0x00000000c2980000, 0x00000000eb180000)
  object space 22016K, 9% used [0x00000000c1400000,0x00000000c161a0b8,0x00000000c2980000)
 Metaspace       used 13989K, capacity 14344K, committed 14592K, reserved 1062912K
  class space    used 1827K, capacity 1926K, committed 2048K, reserved 1048576K
}

Deoptimization events (10 events):
Event: 1.614 Thread 0x0000000017c80800 Uncommon trap: reason=class_check action=maybe_recompile pc=0x00000000033f1770 method=sun.misc.URLClassPath.getLoader(I)Lsun/misc/URLClassPath$Loader; @ 94
Event: 1.615 Thread 0x0000000017c80800 Uncommon trap: reason=class_check action=maybe_recompile pc=0x00000000033f1770 method=sun.misc.URLClassPath.getLoader(I)Lsun/misc/URLClassPath$Loader; @ 94
Event: 1.694 Thread 0x0000000017c80800 Uncommon trap: reason=unstable_if action=reinterpret pc=0x00000000033d7474 method=java.lang.String.indexOf([CII[CIII)I @ 3
Event: 1.751 Thread 0x0000000016ed4800 Uncommon trap: reason=range_check action=make_not_entrant pc=0x00000000034f29e0 method=sun.reflect.generics.parser.SignatureParser.current()C @ 34
Event: 2.061 Thread 0x0000000016ed4800 Uncommon trap: reason=unstable_if action=reinterpret pc=0x00000000033f65c4 method=sun.misc.MetaIndex.mayContain(Ljava/lang/String;)Z @ 38
Event: 2.342 Thread 0x0000000017c80800 Uncommon trap: reason=unstable_if action=reinterpret pc=0x00000000035db828 method=java.net.URL.<init>(Ljava/net/URL;Ljava/lang/String;Ljava/net/URLStreamHandler;)V @ 347
Event: 2.523 Thread 0x0000000017c80800 Uncommon trap: reason=unstable_if action=reinterpret pc=0x00000000034dd588 method=java.util.HashMap.getNode(ILjava/lang/Object;)Ljava/util/HashMap$Node; @ 129
Event: 2.523 Thread 0x0000000017c80800 Uncommon trap: reason=unstable_if action=reinterpret pc=0x000000000358da98 method=java.util.HashMap.putVal(ILjava/lang/Object;Ljava/lang/Object;ZZ)Ljava/lang/Object; @ 193
Event: 2.524 Thread 0x0000000017c80800 Uncommon trap: reason=unstable_if action=reinterpret pc=0x00000000034d6dfc method=java.util.HashMap.getNode(ILjava/lang/Object;)Ljava/util/HashMap$Node; @ 129
Event: 2.627 Thread 0x0000000016ed4800 Uncommon trap: reason=unstable_if action=reinterpret pc=0x0000000003590454 method=java.util.HashMap.putVal(ILjava/lang/Object;Ljava/lang/Object;ZZ)Ljava/lang/Object; @ 193

Classes redefined (0 events):
No events

Internal exceptions (10 events):
Event: 1.467 Thread 0x0000000002fb2800 Exception <a 'java/lang/ArrayIndexOutOfBoundsException'> (0x00000000eba771b0) thrown at [C:\re\workspace\8-2-build-windows-amd64-cygwin\jdk8u191\11896\hotspot\src\share\vm\runtime\sharedRuntime.cpp, line 605]
Event: 1.467 Thread 0x0000000002fb2800 Exception <a 'java/lang/ArrayIndexOutOfBoundsException'> (0x00000000eba78b10) thrown at [C:\re\workspace\8-2-build-windows-amd64-cygwin\jdk8u191\11896\hotspot\src\share\vm\runtime\sharedRuntime.cpp, line 605]
Event: 1.468 Thread 0x0000000002fb2800 Exception <a 'java/lang/ArrayIndexOutOfBoundsException'> (0x00000000eba82950) thrown at [C:\re\workspace\8-2-build-windows-amd64-cygwin\jdk8u191\11896\hotspot\src\share\vm\runtime\sharedRuntime.cpp, line 605]
Event: 1.469 Thread 0x0000000002fb2800 Exception <a 'java/lang/ArrayIndexOutOfBoundsException'> (0x00000000eba84b90) thrown at [C:\re\workspace\8-2-build-windows-amd64-cygwin\jdk8u191\11896\hotspot\src\share\vm\runtime\sharedRuntime.cpp, line 605]
Event: 1.610 Thread 0x0000000017cac800 Exception <a 'java/lang/NoSuchMethodError': java.lang.Object.lambda$static$0(Ljava/lang/Throwable;)Lorg/springframework/boot/devtools/restart/FailureHandler$Outcome;> (0x00000000ebff0258) thrown at [C:\re\workspace\8-2-build-windows-amd64-cygwin\jdk8u191\
Event: 1.751 Thread 0x0000000016ed4800 Exception <a 'java/lang/ArrayIndexOutOfBoundsException': 182> (0x00000000eb20e9c8) thrown at [C:\re\workspace\8-2-build-windows-amd64-cygwin\jdk8u191\11896\hotspot\src\share\vm\interpreter\interpreterRuntime.cpp, line 366]
Event: 1.751 Thread 0x0000000016ed4800 Exception <a 'java/lang/ArrayIndexOutOfBoundsException': 60> (0x00000000eb20fb10) thrown at [C:\re\workspace\8-2-build-windows-amd64-cygwin\jdk8u191\11896\hotspot\src\share\vm\interpreter\interpreterRuntime.cpp, line 366]
Event: 1.775 Thread 0x0000000017c80800 Exception <a 'java/io/FileNotFoundException'> (0x00000000eb300138) thrown at [C:\re\workspace\8-2-build-windows-amd64-cygwin\jdk8u191\11896\hotspot\src\share\vm\prims\jni.cpp, line 709]
Event: 2.152 Thread 0x0000000017c80800 Exception <a 'java/lang/NoSuchMethodError': java.lang.Object.lambda$chars$0()Ljava/util/Spliterator$OfInt;> (0x00000000ebabb188) thrown at [C:\re\workspace\8-2-build-windows-amd64-cygwin\jdk8u191\11896\hotspot\src\share\vm\interpreter\linkResolver.cpp, li
Event: 2.644 Thread 0x0000000017c80800 Exception <a 'java/lang/NoSuchMethodError': org.slf4j.impl.StaticMDCBinder.getSingleton()Lorg/slf4j/impl/StaticMDCBinder;> (0x00000000eb9f13c0) thrown at [C:\re\workspace\8-2-build-windows-amd64-cygwin\jdk8u191\11896\hotspot\src\share\vm\interpreter\linkR

Events (10 events):
Event: 2.718 loading class org/springframework/boot/context/TypeExcludeFilter
Event: 2.718 loading class org/springframework/boot/context/TypeExcludeFilter done
Event: 2.722 loading class org/springframework/boot/autoconfigure/AutoConfigurationExcludeFilter
Event: 2.722 loading class org/springframework/boot/autoconfigure/AutoConfigurationExcludeFilter done
Event: 2.738 loading class org/springframework/beans/factory/config/BeanDefinitionCustomizer
Event: 2.738 loading class org/springframework/beans/factory/config/BeanDefinitionCustomizer done
Event: 2.738 loading class org/springframework/beans/factory/annotation/AnnotatedGenericBeanDefinition
Event: 2.738 loading class org/springframework/beans/factory/annotation/AnnotatedGenericBeanDefinition done
Event: 2.740 loading class org/springframework/http/HttpLogging
Event: 2.740 loading class org/springframework/http/HttpLogging done


Dynamic libraries:
0x00007ff7fe050000 - 0x00007ff7fe087000 	C:\Program Files\Java\jdk1.8.0_191\bin\java.exe
0x00007ffc54440000 - 0x00007ffc54621000 	C:\Windows\SYSTEM32\ntdll.dll
0x00007ffc542f0000 - 0x00007ffc543a2000 	C:\Windows\System32\KERNEL32.DLL
0x00007ffc509c0000 - 0x00007ffc50c33000 	C:\Windows\System32\KERNELBASE.dll
0x00007ffc51fe0000 - 0x00007ffc52081000 	C:\Windows\System32\ADVAPI32.dll
0x00007ffc51a40000 - 0x00007ffc51ade000 	C:\Windows\System32\msvcrt.dll
0x00007ffc53730000 - 0x00007ffc5378b000 	C:\Windows\System32\sechost.dll
0x00007ffc53950000 - 0x00007ffc53a74000 	C:\Windows\System32\RPCRT4.dll
0x00007ffc534d0000 - 0x00007ffc53660000 	C:\Windows\System32\USER32.dll
0x00007ffc50f50000 - 0x00007ffc50f70000 	C:\Windows\System32\win32u.dll
0x00007ffc541b0000 - 0x00007ffc541d8000 	C:\Windows\System32\GDI32.dll
0x00007ffc51020000 - 0x00007ffc511b2000 	C:\Windows\System32\gdi32full.dll
0x00007ffc50cc0000 - 0x00007ffc50d5f000 	C:\Windows\System32\msvcp_win.dll
0x00007ffc50810000 - 0x00007ffc5090a000 	C:\Windows\System32\ucrtbase.dll
0x00007ffc36ac0000 - 0x00007ffc36d29000 	C:\Windows\WinSxS\amd64_microsoft.windows.common-controls_6595b64144ccf1df_6.0.17134.407_none_fb449d63306391e9\COMCTL32.dll
0x00007ffc53c90000 - 0x00007ffc53fb2000 	C:\Windows\System32\combase.dll
0x00007ffc50c40000 - 0x00007ffc50cba000 	C:\Windows\System32\bcryptPrimitives.dll
0x00007ffc541e0000 - 0x00007ffc5420d000 	C:\Windows\System32\IMM32.DLL
0x0000000075380000 - 0x0000000075452000 	C:\Program Files\Java\jdk1.8.0_191\jre\bin\msvcr100.dll
0x0000000073e30000 - 0x00000000746d4000 	C:\Program Files\Java\jdk1.8.0_191\jre\bin\server\jvm.dll
0x00007ffc53af0000 - 0x00007ffc53af8000 	C:\Windows\System32\PSAPI.DLL
0x00007ffc4c400000 - 0x00007ffc4c409000 	C:\Windows\SYSTEM32\WSOCK32.dll
0x00007ffc53a80000 - 0x00007ffc53aec000 	C:\Windows\System32\WS2_32.dll
0x00007ffc4d5d0000 - 0x00007ffc4d5f3000 	C:\Windows\SYSTEM32\WINMM.dll
0x00007ffc4c2b0000 - 0x00007ffc4c2ba000 	C:\Windows\SYSTEM32\VERSION.dll
0x00007ffc4d5a0000 - 0x00007ffc4d5ca000 	C:\Windows\SYSTEM32\WINMMBASE.dll
0x00007ffc50fd0000 - 0x00007ffc51019000 	C:\Windows\System32\cfgmgr32.dll
0x0000000075370000 - 0x000000007537f000 	C:\Program Files\Java\jdk1.8.0_191\jre\bin\verify.dll
0x0000000075340000 - 0x0000000075369000 	C:\Program Files\Java\jdk1.8.0_191\jre\bin\java.dll
0x00000000751c0000 - 0x00000000751e3000 	C:\Program Files\Java\jdk1.8.0_191\jre\bin\instrument.dll
0x0000000075320000 - 0x0000000075336000 	C:\Program Files\Java\jdk1.8.0_191\jre\bin\zip.dll
0x00007ffc52090000 - 0x00007ffc534cf000 	C:\Windows\System32\SHELL32.dll
0x00007ffc51f30000 - 0x00007ffc51fd9000 	C:\Windows\System32\shcore.dll
0x00007ffc511c0000 - 0x00007ffc518cd000 	C:\Windows\System32\windows.storage.dll
0x00007ffc543b0000 - 0x00007ffc54401000 	C:\Windows\System32\shlwapi.dll
0x00007ffc507f0000 - 0x00007ffc50801000 	C:\Windows\System32\kernel.appcore.dll
0x00007ffc50780000 - 0x00007ffc5079f000 	C:\Windows\System32\profapi.dll
0x00007ffc507a0000 - 0x00007ffc507ec000 	C:\Windows\System32\powrprof.dll
0x00007ffc50770000 - 0x00007ffc5077a000 	C:\Windows\System32\FLTLIB.DLL
0x00007ffc4c310000 - 0x00007ffc4c32a000 	C:\Program Files\JetBrains\IntelliJ IDEA Community Edition 2018.2.4\bin\breakgen64.dll
0x0000000075220000 - 0x000000007523a000 	C:\Program Files\Java\jdk1.8.0_191\jre\bin\net.dll
0x00007ffc4ff70000 - 0x00007ffc4ffd6000 	C:\Windows\system32\mswsock.dll
0x00000000751f0000 - 0x00000000751fd000 	C:\Program Files\Java\jdk1.8.0_191\jre\bin\management.dll
0x00007ffc45330000 - 0x00007ffc45346000 	C:\Windows\system32\napinsp.dll
0x00007ffc44bd0000 - 0x00007ffc44bea000 	C:\Windows\system32\pnrpnsp.dll
0x00007ffc4bb40000 - 0x00007ffc4bb59000 	C:\Windows\system32\NLAapi.dll
0x00007ffc4fd30000 - 0x00007ffc4fdee000 	C:\Windows\SYSTEM32\DNSAPI.dll
0x00007ffc53fc0000 - 0x00007ffc53fc8000 	C:\Windows\System32\NSI.dll
0x00007ffc4fcf0000 - 0x00007ffc4fd28000 	C:\Windows\SYSTEM32\IPHLPAPI.DLL
0x00007ffc4c930000 - 0x00007ffc4c93e000 	C:\Windows\System32\winrnr.dll
0x00007ffc33a10000 - 0x00007ffc33a25000 	C:\Windows\System32\wshbth.dll
0x00007ffc47c00000 - 0x00007ffc47c0a000 	C:\Windows\System32\rasadhlp.dll
0x00007ffc47f10000 - 0x00007ffc47f82000 	C:\Windows\System32\fwpuclnt.dll
0x00007ffc50250000 - 0x00007ffc50275000 	C:\Windows\SYSTEM32\bcrypt.dll

VM Arguments:
jvm_args: -javaagent:C:\Program Files\JetBrains\IntelliJ IDEA Community Edition 2018.2.4\lib\idea_rt.jar=63213:C:\Program Files\JetBrains\IntelliJ IDEA Community Edition 2018.2.4\bin -Dfile.encoding=UTF-8 
java_command: mk.finki.ukim.wp.studentsapi.StudentsApiApplication
java_class_path (initial): C:\Program Files\Java\jdk1.8.0_191\jre\lib\charsets.jar;C:\Program Files\Java\jdk1.8.0_191\jre\lib\deploy.jar;C:\Program Files\Java\jdk1.8.0_191\jre\lib\ext\access-bridge-64.jar;C:\Program Files\Java\jdk1.8.0_191\jre\lib\ext\cldrdata.jar;C:\Program Files\Java\jdk1.8.0_191\jre\lib\ext\dnsns.jar;C:\Program Files\Java\jdk1.8.0_191\jre\lib\ext\jaccess.jar;C:\Program Files\Java\jdk1.8.0_191\jre\lib\ext\jfxrt.jar;C:\Program Files\Java\jdk1.8.0_191\jre\lib\ext\localedata.jar;C:\Program Files\Java\jdk1.8.0_191\jre\lib\ext\nashorn.jar;C:\Program Files\Java\jdk1.8.0_191\jre\lib\ext\sunec.jar;C:\Program Files\Java\jdk1.8.0_191\jre\lib\ext\sunjce_provider.jar;C:\Program Files\Java\jdk1.8.0_191\jre\lib\ext\sunmscapi.jar;C:\Program Files\Java\jdk1.8.0_191\jre\lib\ext\sunpkcs11.jar;C:\Program Files\Java\jdk1.8.0_191\jre\lib\ext\zipfs.jar;C:\Program Files\Java\jdk1.8.0_191\jre\lib\javaws.jar;C:\Program Files\Java\jdk1.8.0_191\jre\lib\jce.jar;C:\Program Files\Java\jdk1.8.0_191\jre\lib\jfr.jar;C:\Program Files\Java\jdk1.8.0_191\jre\lib\jfxswt.jar;C:\Program Files\Java\jdk1.8.0_191\jre\lib\jsse.jar;C:\Program Files\Java\jdk1.8.0_191\jre\lib\management-agent.jar;C:\Program Files\Java\jdk1.8.0_191\jre\lib\plugin.jar;C:\Program Files\Java\jdk1.8.0_191\jre\lib\resources.jar;C:\Program Files\Java\jdk1.8.0_191\jre\lib\rt.jar;D:\Projects\wp-project\students-api\out\production\classes;D:\Projects\wp-project\students-api\out\production\resources;C:\Users\Nikola\.gradle\caches\modules-2\files-2.1\org.springframework.boot\spring-boot-starter-data-jpa\2.1.1.RELEASE\4ebdf1cad10e8596f778850a0fc9e8c6b9fd6dc5\spring-boot-starter-data-jpa-2.1.1.RELEASE.jar;C:\Users\Nikola\.gradle\caches\modules-2\files-2.1\org.springframework.boot\spring-boot-starter-security\2.1.1.RELEASE\10e91dae1cbc9a0643491d9e65ba0b24b4695b21\spring-boot-starter-security-2.1.1.RELEASE.jar;C:\Users\Nikola\.gradle\caches\modules-2\files-2.1\org.springframework.boot\spring-boot-starter-web\2.1.1.RELEASE\f
Launcher Type: SUN_STANDARD

Environment Variables:
PATH=C:\Program Files (x86)\Common Files\Oracle\Java\javapath;C:\Windows\system32;C:\Windows;C:\Windows\System32\Wbem;C:\Windows\System32\WindowsPowerShell\v1.0\;C:\Windows\System32\OpenSSH\;C:\Program Files (x86)\NVIDIA Corporation\PhysX\Common;C:\Program Files\dotnet\;C:\Program Files\Microsoft SQL Server\130\Tools\Binn\;E:\Git\cmd;E:\Node.js\;C:\Program Files (x86)\Microsoft SQL Server\150\DTS\Binn\;C:\Program Files\NVIDIA Corporation\NVIDIA NvDLISR;C:\Users\Nikola\AppData\Local\Microsoft\WindowsApps;C:\Users\Nikola\AppData\Roaming\npm;C:\Users\Nikola\AppData\Local\Programs\Microsoft VS Code\bin;C:\Users\Nikola\.dotnet\tools
USERNAME=Nikola
OS=Windows_NT
PROCESSOR_IDENTIFIER=Intel64 Family 6 Model 61 Stepping 4, GenuineIntel



---------------  S Y S T E M  ---------------

OS: Windows 10.0 , 64 bit Build 17134 (10.0.17134.1)

CPU:total 4 (initial active 4) (2 cores per cpu, 2 threads per core) family 6 model 61 stepping 4, cmov, cx8, fxsr, mmx, sse, sse2, sse3, ssse3, sse4.1, sse4.2, popcnt, avx, avx2, aes, clmul, erms, 3dnowpref, lzcnt, ht, tsc, tscinvbit, bmi1, bmi2, adx

Memory: 4k page, physical 4111916k(166716k free), swap 6159916k(5256k free)

vm_info: Java HotSpot(TM) 64-Bit Server VM (25.191-b12) for windows-amd64 JRE (1.8.0_191-b12), built on Oct  6 2018 09:29:03 by "java_re" with MS VC++ 10.0 (VS2010)

time: Sun Dec 02 21:42:39 2018
elapsed time: 2 seconds (0d 0h 0m 2s)

